<?xml version="1.0" encoding="UTF-8"?>
<!-- Generated by org.testng.reporters.JUnitXMLReporter -->
<testsuite ignored="1" hostname="LAPTOP-70QH0DDK" failures="0" tests="1" name="Default test" time="60.931" errors="0" timestamp="2022-04-13T22:36:24 IST">
  <testcase classname="com.crm.qa.Test.LandingPageTest" name="CheckPriceTest" time="55.289"/>
  <testcase classname="com.crm.qa.Test.LandingPageTest" name="clickloginTest" time="0.0">
    <ignored/>
  </testcase> <!-- clickloginTest -->
</testsuite> <!-- Default test -->
