<?xml version="1.0" encoding="UTF-8"?>
<!-- Generated by org.testng.reporters.JUnitXMLReporter -->
<testsuite ignored="0" hostname="LAPTOP-70QH0DDK" failures="0" tests="3" name="Regression" time="36.664" errors="0" timestamp="2022-04-08T22:09:16 IST">
  <testcase classname="com.crm.qa.Test.LandingPageTest" name="landingPageTitleTest" time="0.025"/>
  <testcase classname="com.crm.qa.Test.LandingPageTest" name="crmLogoImageTest" time="0.071"/>
  <testcase classname="com.crm.qa.Test.LandingPageTest" name="clickloginTest" time="13.036"/>
</testsuite> <!-- Regression -->
