<?xml version="1.0" encoding="UTF-8"?>
<testng-results ignored="1" total="2" passed="1" failed="0" skipped="0">
  <reporter-output>
  </reporter-output>
  <suite started-at="2022-04-13T22:35:24 IST" name="Default suite" finished-at="2022-04-13T22:36:24 IST" duration-ms="60931">
    <groups>
    </groups>
    <test started-at="2022-04-13T22:35:24 IST" name="Default test" finished-at="2022-04-13T22:36:24 IST" duration-ms="60931">
      <class name="com.crm.qa.Test.LandingPageTest">
        <test-method is-config="true" signature="setup()[pri:0, instance:com.crm.qa.Test.LandingPageTest@505fc5a4]" started-at="2022-04-13T22:35:24 IST" name="setup" finished-at="2022-04-13T22:35:29 IST" duration-ms="5609" status="PASS">
          <reporter-output>
          </reporter-output>
        </test-method> <!-- setup -->
        <test-method signature="CheckPriceTest()[pri:2, instance:com.crm.qa.Test.LandingPageTest@505fc5a4]" started-at="2022-04-13T22:35:29 IST" name="CheckPriceTest" finished-at="2022-04-13T22:36:24 IST" duration-ms="55289" status="PASS">
          <reporter-output>
          </reporter-output>
        </test-method> <!-- CheckPriceTest -->
        <test-method is-config="true" signature="teardown()[pri:0, instance:com.crm.qa.Test.LandingPageTest@505fc5a4]" started-at="2022-04-13T22:36:24 IST" name="teardown" finished-at="2022-04-13T22:36:24 IST" duration-ms="0" status="PASS">
          <reporter-output>
          </reporter-output>
        </test-method> <!-- teardown -->
      </class> <!-- com.crm.qa.Test.LandingPageTest -->
    </test> <!-- Default test -->
  </suite> <!-- Default suite -->
</testng-results>
